build/app/intermediates/manifest_merge_blame_file/debug/manifest-merger-blame-debug-report.txt
1<?xml version="1.0" encoding="utf-8"?>
2<manifest xmlns:android="http://schemas.android.com/apk/res/android"
3    package="com.example.besports"
4    android:versionCode="1"
5    android:versionName="1.0.0" >
6
7    <uses-sdk
8        android:minSdkVersion="21"
9        android:targetSdkVersion="33" />
10    <!--
11         The INTERNET permission is required for development. Specifically,
12         the Flutter tool needs it to communicate with the running application
13         to allow setting breakpoints, to provide hot reload, etc.
14    -->
15    <uses-permission android:name="android.permission.INTERNET" />
15-->src/debug/AndroidManifest.xml:7:5-66
15-->src/debug/AndroidManifest.xml:7:22-64
16    <uses-permission android:name="android.permission.NFC" />
16-->src/debug/AndroidManifest.xml:8:5-62
16-->src/debug/AndroidManifest.xml:8:22-59
17
18    <uses-feature
18-->src/debug/AndroidManifest.xml:9:1-11:35
19        android:name="android.hardware.nfc"
19-->src/debug/AndroidManifest.xml:10:9-44
20        android:required="true" />
20-->src/debug/AndroidManifest.xml:11:9-32
21    <!--
22     <uses-permission android:name="android.permission.BLUETOOTH" />  
23	 <uses-permission android:name="android.permission.BLUETOOTH_SCAN" />
24     <uses-permission android:name="android.permission.BLUETOOTH_CONNECT" />
25	 <uses-permission android:name="android.permission.BLUETOOTH_ADMIN" />  
26	 <uses-permission android:name="android.permission.ACCESS_COARSE_LOCATION"/>
27    -->
28
29    <uses-permission
29-->src/debug/AndroidManifest.xml:18:6-121
30        android:name="android.permission.BLUETOOTH_SCAN"
30-->src/debug/AndroidManifest.xml:18:23-71
31        android:usesPermissionFlags="neverForLocation" />
31-->src/debug/AndroidManifest.xml:18:72-118
32    <uses-permission android:name="android.permission.BLUETOOTH_CONNECT" />
32-->src/debug/AndroidManifest.xml:19:5-76
32-->src/debug/AndroidManifest.xml:19:22-73
33    <uses-permission
33-->src/debug/AndroidManifest.xml:20:5-106
34        android:name="android.permission.ACCESS_FINE_LOCATION"
34-->src/debug/AndroidManifest.xml:20:22-76
35        android:maxSdkVersion="30" />
35-->src/debug/AndroidManifest.xml:20:77-103
36    <uses-permission
36-->src/debug/AndroidManifest.xml:21:5-108
37        android:name="android.permission.ACCESS_COARSE_LOCATION"
37-->src/debug/AndroidManifest.xml:21:22-78
38        android:maxSdkVersion="30" />
38-->src/debug/AndroidManifest.xml:21:79-105
39
40    <!-- required for API 18 - 30 -->
41    <uses-permission
41-->[:reactive_ble_mobile] AndroidManifest.xml:10:5-12:38
42        android:name="android.permission.BLUETOOTH"
42-->[:reactive_ble_mobile] AndroidManifest.xml:11:9-52
43        android:maxSdkVersion="30" />
43-->[:reactive_ble_mobile] AndroidManifest.xml:12:9-35
44    <uses-permission
44-->[:reactive_ble_mobile] AndroidManifest.xml:13:5-15:38
45        android:name="android.permission.BLUETOOTH_ADMIN"
45-->[:reactive_ble_mobile] AndroidManifest.xml:14:9-58
46        android:maxSdkVersion="30" /> <!-- required for API 23 - 30, no android:maxSdkVersion because of a potential breaking change -->
46-->[:reactive_ble_mobile] AndroidManifest.xml:15:9-35
47    <!-- TODO: add android:maxSdkVersion on 2.0.0 -->
48    <uses-permission-sdk-23 android:name="android.permission.ACCESS_COARSE_LOCATION" />
48-->[com.polidea.rxandroidble2:rxandroidble:1.16.0] AndroidManifest.xml:18:5-88
48-->[com.polidea.rxandroidble2:rxandroidble:1.16.0] AndroidManifest.xml:18:29-85
49    <uses-permission-sdk-23 android:name="android.permission.ACCESS_FINE_LOCATION" />
49-->[com.polidea.rxandroidble2:rxandroidble:1.16.0] AndroidManifest.xml:19:5-86
49-->[com.polidea.rxandroidble2:rxandroidble:1.16.0] AndroidManifest.xml:19:29-83
50    <!--
51 <uses-permission android:name="android.permission.BLUETOOTH"/>
52<uses-permission android:name="android.permission.BLUETOOTH_ADMIN"/>
53<uses-permission android:name="android.permission.ACCESS_FINE_LOCATION"/>
54    -->
55    <application
56        android:name="android.app.Application"
57        android:appComponentFactory="androidx.core.app.CoreComponentFactory"
57-->[androidx.core:core:1.6.0] AndroidManifest.xml:24:18-86
58        android:debuggable="true"
59        android:icon="@mipmap/ic_launcher"
60        android:label="besports" >
61        <activity
62            android:name="com.example.besports.MainActivity"
63            android:configChanges="orientation|keyboardHidden|keyboard|screenSize|smallestScreenSize|locale|layoutDirection|fontScale|screenLayout|density|uiMode"
64            android:exported="true"
65            android:hardwareAccelerated="true"
66            android:launchMode="singleTop"
67            android:theme="@style/LaunchTheme"
68            android:windowSoftInputMode="adjustResize" >
69
70            <!--
71                 Specifies an Android theme to apply to this Activity as soon as
72                 the Android process has started. This theme is visible to the user
73                 while the Flutter UI initializes. After that, this theme continues
74                 to determine the Window background behind the Flutter UI.
75            -->
76            <meta-data
77                android:name="io.flutter.embedding.android.NormalTheme"
78                android:resource="@style/NormalTheme" />
79
80            <intent-filter>
81                <action android:name="android.intent.action.MAIN" />
82
83                <category android:name="android.intent.category.LAUNCHER" />
84            </intent-filter>
85        </activity>
86        <!--
87             Don't delete the meta-data below.
88             This is used by the Flutter tool to generate GeneratedPluginRegistrant.java
89        -->
90        <meta-data
91            android:name="flutterEmbedding"
92            android:value="2" />
93
94        <service
94-->[:location] AndroidManifest.xml:13:9-17:56
95            android:name="com.lyokone.location.FlutterLocationService"
95-->[:location] AndroidManifest.xml:14:13-71
96            android:enabled="true"
96-->[:location] AndroidManifest.xml:15:13-35
97            android:exported="false"
97-->[:location] AndroidManifest.xml:16:13-37
98            android:foregroundServiceType="location" />
98-->[:location] AndroidManifest.xml:17:13-53
99
100        <uses-library
100-->[androidx.window:window:1.0.0-beta04] AndroidManifest.xml:25:9-27:40
101            android:name="androidx.window.extensions"
101-->[androidx.window:window:1.0.0-beta04] AndroidManifest.xml:26:13-54
102            android:required="false" />
102-->[androidx.window:window:1.0.0-beta04] AndroidManifest.xml:27:13-37
103        <uses-library
103-->[androidx.window:window:1.0.0-beta04] AndroidManifest.xml:28:9-30:40
104            android:name="androidx.window.sidecar"
104-->[androidx.window:window:1.0.0-beta04] AndroidManifest.xml:29:13-51
105            android:required="false" />
105-->[androidx.window:window:1.0.0-beta04] AndroidManifest.xml:30:13-37
106
107        <activity
107-->[com.google.android.gms:play-services-base:16.0.1] AndroidManifest.xml:23:9-26:75
108            android:name="com.google.android.gms.common.api.GoogleApiActivity"
108-->[com.google.android.gms:play-services-base:16.0.1] AndroidManifest.xml:24:13-79
109            android:exported="false"
109-->[com.google.android.gms:play-services-base:16.0.1] AndroidManifest.xml:25:13-37
110            android:theme="@android:style/Theme.Translucent.NoTitleBar" />
110-->[com.google.android.gms:play-services-base:16.0.1] AndroidManifest.xml:26:13-72
111
112        <meta-data
112-->[com.google.android.gms:play-services-basement:16.0.1] AndroidManifest.xml:23:9-25:69
113            android:name="com.google.android.gms.version"
113-->[com.google.android.gms:play-services-basement:16.0.1] AndroidManifest.xml:24:13-58
114            android:value="@integer/google_play_services_version" />
114-->[com.google.android.gms:play-services-basement:16.0.1] AndroidManifest.xml:25:13-66
115    </application>
116
117</manifest>